<?xml version="1.0" encoding="UTF-8"?>
<coverage generated="1785185760220" clover="3.2.0">
  <project timestamp="1785185760220" name="All files">
    <metrics statements="72" coveredstatements="72" conditionals="11" coveredconditionals="9" methods="33" coveredmethods="33" elements="116" coveredelements="114" complexity="0" loc="72" ncloc="72" packages="9" files="24" classes="24"/>
    <package name="components.CardWrapper">
      <metrics statements="5" coveredstatements="5" conditionals="0" coveredconditionals="0" methods="4" coveredmethods="4"/>
      <file name="index.tsx" path="/Users/nilosergioadriano/Documents/developer-challenges/frontend-v2-sarah/src/components/CardWrapper/index.tsx">
        <metrics statements="2" coveredstatements="2" conditionals="0" coveredconditionals="0" methods="1" coveredmethods="1"/>
        <line num="14" count="2" type="stmt"/>
        <line num="15" count="4" type="stmt"/>
      </file>
      <file name="style.ts" path="/Users/nilosergioadriano/Documents/developer-challenges/frontend-v2-sarah/src/components/CardWrapper/style.ts">
        <metrics statements="3" coveredstatements="3" conditionals="0" coveredconditionals="0" methods="3" coveredmethods="3"/>
        <line num="3" count="4" type="stmt"/>
        <line num="10" count="4" type="stmt"/>
        <line num="19" count="4" type="stmt"/>
      </file>
    </package>
    <package name="components.Chart">
      <metrics statements="26" coveredstatements="26" conditionals="4" coveredconditionals="2" methods="8" coveredmethods="8"/>
      <file name="chart.mock.ts" path="/Users/nilosergioadriano/Documents/developer-challenges/frontend-v2-sarah/src/components/Chart/chart.mock.ts">
        <metrics statements="2" coveredstatements="2" conditionals="0" coveredconditionals="0" methods="0" coveredmethods="0"/>
        <line num="8" count="3" type="stmt"/>
        <line num="27" count="3" type="stmt"/>
      </file>
      <file name="chartAdapter.tsx" path="/Users/nilosergioadriano/Documents/developer-challenges/frontend-v2-sarah/src/components/Chart/chartAdapter.tsx">
        <metrics statements="6" coveredstatements="6" conditionals="0" coveredconditionals="0" methods="2" coveredmethods="2"/>
        <line num="14" count="3" type="stmt"/>
        <line num="18" count="6" type="stmt"/>
        <line num="20" count="6" type="stmt"/>
        <line num="26" count="6" type="stmt"/>
        <line num="34" count="6" type="stmt"/>
        <line num="121" count="5" type="stmt"/>
      </file>
      <file name="index.tsx" path="/Users/nilosergioadriano/Documents/developer-challenges/frontend-v2-sarah/src/components/Chart/index.tsx">
        <metrics statements="12" coveredstatements="12" conditionals="4" coveredconditionals="2" methods="3" coveredmethods="3"/>
        <line num="8" count="1" type="stmt"/>
        <line num="9" count="2" type="stmt"/>
        <line num="10" count="2" type="stmt"/>
        <line num="11" count="2" type="stmt"/>
        <line num="13" count="2" type="stmt"/>
        <line num="14" count="2" type="stmt"/>
        <line num="15" count="2" type="stmt"/>
        <line num="17" count="2" type="cond" truecount="1" falsecount="1"/>
        <line num="18" count="2" type="stmt"/>
        <line num="20" count="2" type="stmt"/>
        <line num="21" count="2" type="cond" truecount="1" falsecount="1"/>
        <line num="25" count="2" type="stmt"/>
      </file>
      <file name="style.ts" path="/Users/nilosergioadriano/Documents/developer-challenges/frontend-v2-sarah/src/components/Chart/style.ts">
        <metrics statements="1" coveredstatements="1" conditionals="0" coveredconditionals="0" methods="1" coveredmethods="1"/>
        <line num="3" count="2" type="stmt"/>
      </file>
      <file name="useChartOptions.ts" path="/Users/nilosergioadriano/Documents/developer-challenges/frontend-v2-sarah/src/components/Chart/useChartOptions.ts">
        <metrics statements="5" coveredstatements="5" conditionals="0" coveredconditionals="0" methods="2" coveredmethods="2"/>
        <line num="6" count="2" type="stmt"/>
        <line num="7" count="5" type="stmt"/>
        <line num="9" count="5" type="stmt"/>
        <line num="10" count="5" type="stmt"/>
        <line num="15" count="5" type="stmt"/>
      </file>
    </package>
    <package name="components.ErrorMessage">
      <metrics statements="6" coveredstatements="6" conditionals="0" coveredconditionals="0" methods="5" coveredmethods="5"/>
      <file name="index.tsx" path="/Users/nilosergioadriano/Documents/developer-challenges/frontend-v2-sarah/src/components/ErrorMessage/index.tsx">
        <metrics statements="2" coveredstatements="2" conditionals="0" coveredconditionals="0" methods="1" coveredmethods="1"/>
        <line num="8" count="1" type="stmt"/>
        <line num="9" count="2" type="stmt"/>
      </file>
      <file name="style.ts" path="/Users/nilosergioadriano/Documents/developer-challenges/frontend-v2-sarah/src/components/ErrorMessage/style.ts">
        <metrics statements="4" coveredstatements="4" conditionals="0" coveredconditionals="0" methods="4" coveredmethods="4"/>
        <line num="5" count="2" type="stmt"/>
        <line num="11" count="2" type="stmt"/>
        <line num="23" count="2" type="stmt"/>
        <line num="29" count="2" type="stmt"/>
      </file>
    </package>
    <package name="components.Icons">
      <metrics statements="15" coveredstatements="15" conditionals="1" coveredconditionals="1" methods="6" coveredmethods="6"/>
      <file name="BaseIcon.tsx" path="/Users/nilosergioadriano/Documents/developer-challenges/frontend-v2-sarah/src/components/Icons/BaseIcon.tsx">
        <metrics statements="5" coveredstatements="5" conditionals="1" coveredconditionals="1" methods="1" coveredmethods="1"/>
        <line num="9" count="2" type="stmt"/>
        <line num="16" count="7" type="stmt"/>
        <line num="17" count="7" type="stmt"/>
        <line num="18" count="7" type="stmt"/>
        <line num="20" count="7" type="stmt"/>
      </file>
      <file name="DynamicRangeIcon.tsx" path="/Users/nilosergioadriano/Documents/developer-challenges/frontend-v2-sarah/src/components/Icons/DynamicRangeIcon.tsx">
        <metrics statements="2" coveredstatements="2" conditionals="0" coveredconditionals="0" methods="1" coveredmethods="1"/>
        <line num="3" count="1" type="stmt"/>
        <line num="6" count="1" type="stmt"/>
      </file>
      <file name="GpsIcon.tsx" path="/Users/nilosergioadriano/Documents/developer-challenges/frontend-v2-sarah/src/components/Icons/GpsIcon.tsx">
        <metrics statements="2" coveredstatements="2" conditionals="0" coveredconditionals="0" methods="1" coveredmethods="1"/>
        <line num="3" count="1" type="stmt"/>
        <line num="6" count="1" type="stmt"/>
      </file>
      <file name="IntervalIcon.tsx" path="/Users/nilosergioadriano/Documents/developer-challenges/frontend-v2-sarah/src/components/Icons/IntervalIcon.tsx">
        <metrics statements="2" coveredstatements="2" conditionals="0" coveredconditionals="0" methods="1" coveredmethods="1"/>
        <line num="3" count="1" type="stmt"/>
        <line num="6" count="1" type="stmt"/>
      </file>
      <file name="MachineIcon.tsx" path="/Users/nilosergioadriano/Documents/developer-challenges/frontend-v2-sarah/src/components/Icons/MachineIcon.tsx">
        <metrics statements="2" coveredstatements="2" conditionals="0" coveredconditionals="0" methods="1" coveredmethods="1"/>
        <line num="3" count="2" type="stmt"/>
        <line num="6" count="3" type="stmt"/>
      </file>
      <file name="RpmIcon.tsx" path="/Users/nilosergioadriano/Documents/developer-challenges/frontend-v2-sarah/src/components/Icons/RpmIcon.tsx">
        <metrics statements="2" coveredstatements="2" conditionals="0" coveredconditionals="0" methods="1" coveredmethods="1"/>
        <line num="3" count="1" type="stmt"/>
        <line num="6" count="1" type="stmt"/>
      </file>
      <file name="index.ts" path="/Users/nilosergioadriano/Documents/developer-challenges/frontend-v2-sarah/src/components/Icons/index.ts">
        <metrics statements="0" coveredstatements="0" conditionals="0" coveredconditionals="0" methods="0" coveredmethods="0"/>
      </file>
    </package>
    <package name="components.Loading">
      <metrics statements="2" coveredstatements="2" conditionals="0" coveredconditionals="0" methods="1" coveredmethods="1"/>
      <file name="index.tsx" path="/Users/nilosergioadriano/Documents/developer-challenges/frontend-v2-sarah/src/components/Loading/index.tsx">
        <metrics statements="2" coveredstatements="2" conditionals="0" coveredconditionals="0" methods="1" coveredmethods="1"/>
        <line num="3" count="1" type="stmt"/>
        <line num="4" count="1" type="stmt"/>
      </file>
    </package>
    <package name="components.MachineSummaryBar">
      <metrics statements="4" coveredstatements="4" conditionals="0" coveredconditionals="0" methods="3" coveredmethods="3"/>
      <file name="index.tsx" path="/Users/nilosergioadriano/Documents/developer-challenges/frontend-v2-sarah/src/components/MachineSummaryBar/index.tsx">
        <metrics statements="3" coveredstatements="3" conditionals="0" coveredconditionals="0" methods="2" coveredmethods="2"/>
        <line num="6" count="1" type="stmt"/>
        <line num="11" count="2" type="stmt"/>
        <line num="27" count="5" type="stmt"/>
      </file>
      <file name="style.ts" path="/Users/nilosergioadriano/Documents/developer-challenges/frontend-v2-sarah/src/components/MachineSummaryBar/style.ts">
        <metrics statements="1" coveredstatements="1" conditionals="0" coveredconditionals="0" methods="1" coveredmethods="1"/>
        <line num="3" count="2" type="stmt"/>
      </file>
    </package>
    <package name="components.MachineSummaryItem">
      <metrics statements="7" coveredstatements="7" conditionals="6" coveredconditionals="6" methods="4" coveredmethods="4"/>
      <file name="index.tsx" path="/Users/nilosergioadriano/Documents/developer-challenges/frontend-v2-sarah/src/components/MachineSummaryItem/index.tsx">
        <metrics statements="3" coveredstatements="3" conditionals="2" coveredconditionals="2" methods="1" coveredmethods="1"/>
        <line num="4" count="2" type="stmt"/>
        <line num="5" count="7" type="stmt"/>
        <line num="7" count="7" type="stmt"/>
      </file>
      <file name="style.ts" path="/Users/nilosergioadriano/Documents/developer-challenges/frontend-v2-sarah/src/components/MachineSummaryItem/style.ts">
        <metrics statements="4" coveredstatements="4" conditionals="4" coveredconditionals="4" methods="3" coveredmethods="3"/>
        <line num="7" count="2" type="stmt"/>
        <line num="8" count="23" type="stmt"/>
        <line num="9" count="7" type="stmt"/>
        <line num="19" count="7" type="stmt"/>
      </file>
    </package>
    <package name="components.PageHeader">
      <metrics statements="3" coveredstatements="3" conditionals="0" coveredconditionals="0" methods="2" coveredmethods="2"/>
      <file name="index.tsx" path="/Users/nilosergioadriano/Documents/developer-challenges/frontend-v2-sarah/src/components/PageHeader/index.tsx">
        <metrics statements="2" coveredstatements="2" conditionals="0" coveredconditionals="0" methods="1" coveredmethods="1"/>
        <line num="4" count="1" type="stmt"/>
        <line num="5" count="1" type="stmt"/>
      </file>
      <file name="style.ts" path="/Users/nilosergioadriano/Documents/developer-challenges/frontend-v2-sarah/src/components/PageHeader/style.ts">
        <metrics statements="1" coveredstatements="1" conditionals="0" coveredconditionals="0" methods="1" coveredmethods="1"/>
        <line num="3" count="1" type="stmt"/>
      </file>
    </package>
    <package name="features.data">
      <metrics statements="4" coveredstatements="4" conditionals="0" coveredconditionals="0" methods="0" coveredmethods="0"/>
      <file name="types.ts" path="/Users/nilosergioadriano/Documents/developer-challenges/frontend-v2-sarah/src/features/data/types.ts">
        <metrics statements="4" coveredstatements="4" conditionals="0" coveredconditionals="0" methods="0" coveredmethods="0"/>
        <line num="1" count="3" type="stmt"/>
        <line num="9" count="3" type="stmt"/>
        <line num="19" count="3" type="stmt"/>
        <line num="27" count="3" type="stmt"/>
      </file>
    </package>
  </project>
</coverage>
