{"/Users/nilosergioadriano/Documents/developer-challenges/frontend-v2-sarah/src/components/CardWrapper/index.tsx": {"path":"/Users/nilosergioadriano/Documents/developer-challenges/frontend-v2-sarah/src/components/CardWrapper/index.tsx","statementMap":{"0":{"start":{"line":14,"column":13},"end":{"line":27,"column":null}},"1":{"start":{"line":15,"column":2},"end":{"line":25,"column":null}}},"fnMap":{"0":{"name":"(anonymous_0)","decl":{"start":{"line":14,"column":13},"end":{"line":14,"column":28}},"loc":{"start":{"line":14,"column":70},"end":{"line":27,"column":null}},"line":14}},"branchMap":{},"s":{"0":2,"1":4},"f":{"0":4},"b":{},"meta":{"lastBranch":0,"lastFunction":1,"lastStatement":2,"seen":{"s:14:13:27:Infinity":0,"f:14:13:14:28":0,"s:15:2:25:Infinity":1},"fnNames":{}}}
,"/Users/nilosergioadriano/Documents/developer-challenges/frontend-v2-sarah/src/components/CardWrapper/style.ts": {"path":"/Users/nilosergioadriano/Documents/developer-challenges/frontend-v2-sarah/src/components/CardWrapper/style.ts","statementMap":{"0":{"start":{"line":3,"column":40},"end":{"line":8,"column":null}},"1":{"start":{"line":3,"column":68},"end":{"line":8,"column":2}},"2":{"start":{"line":10,"column":33},"end":{"line":17,"column":null}},"3":{"start":{"line":10,"column":61},"end":{"line":17,"column":2}},"4":{"start":{"line":19,"column":34},"end":{"line":26,"column":null}},"5":{"start":{"line":19,"column":62},"end":{"line":26,"column":2}}},"fnMap":{"0":{"name":"(anonymous_0)","decl":{"start":{"line":3,"column":51},"end":{"line":3,"column":53}},"loc":{"start":{"line":3,"column":68},"end":{"line":8,"column":2}},"line":3},"1":{"name":"(anonymous_1)","decl":{"start":{"line":10,"column":44},"end":{"line":10,"column":46}},"loc":{"start":{"line":10,"column":61},"end":{"line":17,"column":2}},"line":10},"2":{"name":"(anonymous_2)","decl":{"start":{"line":19,"column":45},"end":{"line":19,"column":47}},"loc":{"start":{"line":19,"column":62},"end":{"line":26,"column":2}},"line":19}},"branchMap":{},"s":{"0":2,"1":4,"2":2,"3":4,"4":2,"5":4},"f":{"0":4,"1":4,"2":4},"b":{},"meta":{"lastBranch":0,"lastFunction":3,"lastStatement":6,"seen":{"s:3:40:8:Infinity":0,"f:3:51:3:53":0,"s:3:68:8:2":1,"s:10:33:17:Infinity":2,"f:10:44:10:46":1,"s:10:61:17:2":3,"s:19:34:26:Infinity":4,"f:19:45:19:47":2,"s:19:62:26:2":5},"fnNames":{}}}
,"/Users/nilosergioadriano/Documents/developer-challenges/frontend-v2-sarah/src/components/Chart/chart.mock.ts": {"path":"/Users/nilosergioadriano/Documents/developer-challenges/frontend-v2-sarah/src/components/Chart/chart.mock.ts","statementMap":{"0":{"start":{"line":8,"column":40},"end":{"line":25,"column":null}},"1":{"start":{"line":27,"column":21},"end":{"line":37,"column":null}}},"fnMap":{},"branchMap":{},"s":{"0":3,"1":3},"f":{},"b":{},"meta":{"lastBranch":0,"lastFunction":0,"lastStatement":2,"seen":{"s:8:40:25:Infinity":0,"s:27:21:37:Infinity":1},"fnNames":{}}}
,"/Users/nilosergioadriano/Documents/developer-challenges/frontend-v2-sarah/src/components/Chart/chartAdapter.tsx": {"path":"/Users/nilosergioadriano/Documents/developer-challenges/frontend-v2-sarah/src/components/Chart/chartAdapter.tsx","statementMap":{"0":{"start":{"line":14,"column":13},"end":{"line":132,"column":null}},"1":{"start":{"line":18,"column":58},"end":{"line":18,"column":null}},"2":{"start":{"line":20,"column":24},"end":{"line":25,"column":null}},"3":{"start":{"line":26,"column":26},"end":{"line":32,"column":null}},"4":{"start":{"line":34,"column":2},"end":{"line":131,"column":null}},"5":{"start":{"line":121,"column":40},"end":{"line":127,"column":6}}},"fnMap":{"0":{"name":"(anonymous_0)","decl":{"start":{"line":14,"column":13},"end":{"line":14,"column":43}},"loc":{"start":{"line":17,"column":50},"end":{"line":132,"column":null}},"line":17},"1":{"name":"(anonymous_1)","decl":{"start":{"line":121,"column":24},"end":{"line":121,"column":29}},"loc":{"start":{"line":121,"column":40},"end":{"line":127,"column":6}},"line":121}},"branchMap":{},"s":{"0":3,"1":6,"2":6,"3":6,"4":6,"5":5},"f":{"0":6,"1":5},"b":{},"meta":{"lastBranch":0,"lastFunction":2,"lastStatement":6,"seen":{"s:14:13:132:Infinity":0,"f:14:13:14:43":0,"s:18:58:18:Infinity":1,"s:20:24:25:Infinity":2,"s:26:26:32:Infinity":3,"s:34:2:131:Infinity":4,"f:121:24:121:29":1,"s:121:40:127:6":5},"fnNames":{}}}
,"/Users/nilosergioadriano/Documents/developer-challenges/frontend-v2-sarah/src/components/Chart/index.tsx": {"path":"/Users/nilosergioadriano/Documents/developer-challenges/frontend-v2-sarah/src/components/Chart/index.tsx","statementMap":{"0":{"start":{"line":8,"column":13},"end":{"line":30,"column":null}},"1":{"start":{"line":9,"column":25},"end":{"line":9,"column":null}},"2":{"start":{"line":10,"column":26},"end":{"line":10,"column":null}},"3":{"start":{"line":11,"column":23},"end":{"line":11,"column":null}},"4":{"start":{"line":13,"column":2},"end":{"line":23,"column":null}},"5":{"start":{"line":14,"column":49},"end":{"line":14,"column":null}},"6":{"start":{"line":15,"column":27},"end":{"line":15,"column":null}},"7":{"start":{"line":17,"column":4},"end":{"line":18,"column":null}},"8":{"start":{"line":18,"column":6},"end":{"line":18,"column":null}},"9":{"start":{"line":20,"column":4},"end":{"line":22,"column":null}},"10":{"start":{"line":21,"column":6},"end":{"line":21,"column":null}},"11":{"start":{"line":21,"column":25},"end":{"line":21,"column":null}},"12":{"start":{"line":25,"column":2},"end":{"line":28,"column":null}}},"fnMap":{"0":{"name":"(anonymous_0)","decl":{"start":{"line":8,"column":13},"end":{"line":8,"column":22}},"loc":{"start":{"line":8,"column":56},"end":{"line":30,"column":null}},"line":8},"1":{"name":"(anonymous_1)","decl":{"start":{"line":13,"column":2},"end":{"line":13,"column":18}},"loc":{"start":{"line":13,"column":18},"end":{"line":23,"column":5}},"line":13},"2":{"name":"(anonymous_2)","decl":{"start":{"line":20,"column":4},"end":{"line":20,"column":17}},"loc":{"start":{"line":20,"column":17},"end":{"line":22,"column":null}},"line":20}},"branchMap":{"0":{"loc":{"start":{"line":17,"column":4},"end":{"line":18,"column":null}},"type":"if","locations":[{"start":{"line":17,"column":4},"end":{"line":18,"column":null}},{"start":{},"end":{}}],"line":17},"1":{"loc":{"start":{"line":21,"column":6},"end":{"line":21,"column":null}},"type":"if","locations":[{"start":{"line":21,"column":6},"end":{"line":21,"column":null}},{"start":{},"end":{}}],"line":21}},"s":{"0":1,"1":2,"2":2,"3":2,"4":2,"5":2,"6":2,"7":2,"8":2,"9":2,"10":2,"11":2,"12":2},"f":{"0":2,"1":2,"2":2},"b":{"0":[2,0],"1":[2,0]},"meta":{"lastBranch":2,"lastFunction":3,"lastStatement":13,"seen":{"s:8:13:30:Infinity":0,"f:8:13:8:22":0,"s:9:25:9:Infinity":1,"s:10:26:10:Infinity":2,"s:11:23:11:Infinity":3,"s:13:2:23:Infinity":4,"f:13:2:13:18":1,"s:14:49:14:Infinity":5,"s:15:27:15:Infinity":6,"b:17:4:18:Infinity:undefined:undefined:undefined:undefined":0,"s:17:4:18:Infinity":7,"s:18:6:18:Infinity":8,"s:20:4:22:Infinity":9,"f:20:4:20:17":2,"b:21:6:21:Infinity:undefined:undefined:undefined:undefined":1,"s:21:6:21:Infinity":10,"s:21:25:21:Infinity":11,"s:25:2:28:Infinity":12},"fnNames":{}}}
,"/Users/nilosergioadriano/Documents/developer-challenges/frontend-v2-sarah/src/components/Chart/style.ts": {"path":"/Users/nilosergioadriano/Documents/developer-challenges/frontend-v2-sarah/src/components/Chart/style.ts","statementMap":{"0":{"start":{"line":3,"column":28},"end":{"line":6,"column":null}},"1":{"start":{"line":3,"column":47},"end":{"line":6,"column":2}}},"fnMap":{"0":{"name":"(anonymous_0)","decl":{"start":{"line":3,"column":39},"end":{"line":3,"column":47}},"loc":{"start":{"line":3,"column":47},"end":{"line":6,"column":2}},"line":3}},"branchMap":{},"s":{"0":1,"1":2},"f":{"0":2},"b":{},"meta":{"lastBranch":0,"lastFunction":1,"lastStatement":2,"seen":{"s:3:28:6:Infinity":0,"f:3:39:3:47":0,"s:3:47:6:2":1},"fnNames":{}}}
,"/Users/nilosergioadriano/Documents/developer-challenges/frontend-v2-sarah/src/components/Chart/useChartOptions.ts": {"path":"/Users/nilosergioadriano/Documents/developer-challenges/frontend-v2-sarah/src/components/Chart/useChartOptions.ts","statementMap":{"0":{"start":{"line":6,"column":13},"end":{"line":17,"column":null}},"1":{"start":{"line":7,"column":16},"end":{"line":7,"column":25}},"2":{"start":{"line":9,"column":2},"end":{"line":16,"column":null}},"3":{"start":{"line":10,"column":29},"end":{"line":14,"column":null}},"4":{"start":{"line":15,"column":4},"end":{"line":15,"column":null}}},"fnMap":{"0":{"name":"(anonymous_0)","decl":{"start":{"line":6,"column":13},"end":{"line":6,"column":32}},"loc":{"start":{"line":6,"column":52},"end":{"line":17,"column":null}},"line":6},"1":{"name":"(anonymous_1)","decl":{"start":{"line":9,"column":9},"end":{"line":9,"column":23}},"loc":{"start":{"line":9,"column":23},"end":{"line":16,"column":5}},"line":9}},"branchMap":{},"s":{"0":2,"1":5,"2":5,"3":5,"4":5},"f":{"0":5,"1":5},"b":{},"meta":{"lastBranch":0,"lastFunction":2,"lastStatement":5,"seen":{"s:6:13:17:Infinity":0,"f:6:13:6:32":0,"s:7:16:7:25":1,"s:9:2:16:Infinity":2,"f:9:9:9:23":1,"s:10:29:14:Infinity":3,"s:15:4:15:Infinity":4},"fnNames":{}}}
,"/Users/nilosergioadriano/Documents/developer-challenges/frontend-v2-sarah/src/components/ErrorMessage/index.tsx": {"path":"/Users/nilosergioadriano/Documents/developer-challenges/frontend-v2-sarah/src/components/ErrorMessage/index.tsx","statementMap":{"0":{"start":{"line":8,"column":13},"end":{"line":19,"column":null}},"1":{"start":{"line":9,"column":2},"end":{"line":17,"column":null}}},"fnMap":{"0":{"name":"(anonymous_0)","decl":{"start":{"line":8,"column":13},"end":{"line":8,"column":29}},"loc":{"start":{"line":8,"column":66},"end":{"line":19,"column":null}},"line":8}},"branchMap":{},"s":{"0":1,"1":2},"f":{"0":2},"b":{},"meta":{"lastBranch":0,"lastFunction":1,"lastStatement":2,"seen":{"s:8:13:19:Infinity":0,"f:8:13:8:29":0,"s:9:2:17:Infinity":1},"fnNames":{}}}
,"/Users/nilosergioadriano/Documents/developer-challenges/frontend-v2-sarah/src/components/ErrorMessage/style.ts": {"path":"/Users/nilosergioadriano/Documents/developer-challenges/frontend-v2-sarah/src/components/ErrorMessage/style.ts","statementMap":{"0":{"start":{"line":5,"column":28},"end":{"line":9,"column":null}},"1":{"start":{"line":5,"column":47},"end":{"line":9,"column":2}},"2":{"start":{"line":11,"column":31},"end":{"line":21,"column":null}},"3":{"start":{"line":11,"column":59},"end":{"line":21,"column":2}},"4":{"start":{"line":23,"column":31},"end":{"line":27,"column":null}},"5":{"start":{"line":23,"column":72},"end":{"line":27,"column":2}},"6":{"start":{"line":29,"column":25},"end":{"line":33,"column":null}},"7":{"start":{"line":29,"column":53},"end":{"line":33,"column":2}}},"fnMap":{"0":{"name":"(anonymous_0)","decl":{"start":{"line":5,"column":39},"end":{"line":5,"column":47}},"loc":{"start":{"line":5,"column":47},"end":{"line":9,"column":2}},"line":5},"1":{"name":"(anonymous_1)","decl":{"start":{"line":11,"column":42},"end":{"line":11,"column":44}},"loc":{"start":{"line":11,"column":59},"end":{"line":21,"column":2}},"line":11},"2":{"name":"(anonymous_2)","decl":{"start":{"line":23,"column":55},"end":{"line":23,"column":57}},"loc":{"start":{"line":23,"column":72},"end":{"line":27,"column":2}},"line":23},"3":{"name":"(anonymous_3)","decl":{"start":{"line":29,"column":36},"end":{"line":29,"column":38}},"loc":{"start":{"line":29,"column":53},"end":{"line":33,"column":2}},"line":29}},"branchMap":{},"s":{"0":1,"1":2,"2":1,"3":2,"4":1,"5":2,"6":1,"7":2},"f":{"0":2,"1":2,"2":2,"3":2},"b":{},"meta":{"lastBranch":0,"lastFunction":4,"lastStatement":8,"seen":{"s:5:28:9:Infinity":0,"f:5:39:5:47":0,"s:5:47:9:2":1,"s:11:31:21:Infinity":2,"f:11:42:11:44":1,"s:11:59:21:2":3,"s:23:31:27:Infinity":4,"f:23:55:23:57":2,"s:23:72:27:2":5,"s:29:25:33:Infinity":6,"f:29:36:29:38":3,"s:29:53:33:2":7},"fnNames":{}}}
,"/Users/nilosergioadriano/Documents/developer-challenges/frontend-v2-sarah/src/components/Icons/BaseIcon.tsx": {"path":"/Users/nilosergioadriano/Documents/developer-challenges/frontend-v2-sarah/src/components/Icons/BaseIcon.tsx","statementMap":{"0":{"start":{"line":9,"column":13},"end":{"line":32,"column":null}},"1":{"start":{"line":16,"column":22},"end":{"line":16,"column":null}},"2":{"start":{"line":17,"column":16},"end":{"line":17,"column":null}},"3":{"start":{"line":18,"column":17},"end":{"line":18,"column":null}},"4":{"start":{"line":20,"column":2},"end":{"line":30,"column":null}}},"fnMap":{"0":{"name":"(anonymous_0)","decl":{"start":{"line":9,"column":13},"end":{"line":9,"column":25}},"loc":{"start":{"line":15,"column":21},"end":{"line":32,"column":null}},"line":15}},"branchMap":{"0":{"loc":{"start":{"line":10,"column":2},"end":{"line":10,"column":null}},"type":"default-arg","locations":[{"start":{"line":10,"column":9},"end":{"line":10,"column":null}}],"line":10}},"s":{"0":2,"1":7,"2":7,"3":7,"4":7},"f":{"0":7},"b":{"0":[7]},"meta":{"lastBranch":1,"lastFunction":1,"lastStatement":5,"seen":{"s:9:13:32:Infinity":0,"f:9:13:9:25":0,"b:10:9:10:Infinity":0,"s:16:22:16:Infinity":1,"s:17:16:17:Infinity":2,"s:18:17:18:Infinity":3,"s:20:2:30:Infinity":4},"fnNames":{}}}
,"/Users/nilosergioadriano/Documents/developer-challenges/frontend-v2-sarah/src/components/Icons/DynamicRangeIcon.tsx": {"path":"/Users/nilosergioadriano/Documents/developer-challenges/frontend-v2-sarah/src/components/Icons/DynamicRangeIcon.tsx","statementMap":{"0":{"start":{"line":3,"column":13},"end":{"line":13,"column":null}},"1":{"start":{"line":6,"column":2},"end":{"line":13,"column":null}}},"fnMap":{"0":{"name":"(anonymous_0)","decl":{"start":{"line":3,"column":13},"end":{"line":3,"column":null}},"loc":{"start":{"line":6,"column":2},"end":{"line":13,"column":null}},"line":6}},"branchMap":{},"s":{"0":1,"1":1},"f":{"0":1},"b":{},"meta":{"lastBranch":0,"lastFunction":1,"lastStatement":2,"seen":{"s:3:13:13:Infinity":0,"f:3:13:3:Infinity":0,"s:6:2:13:Infinity":1},"fnNames":{}}}
,"/Users/nilosergioadriano/Documents/developer-challenges/frontend-v2-sarah/src/components/Icons/GpsIcon.tsx": {"path":"/Users/nilosergioadriano/Documents/developer-challenges/frontend-v2-sarah/src/components/Icons/GpsIcon.tsx","statementMap":{"0":{"start":{"line":3,"column":13},"end":{"line":13,"column":null}},"1":{"start":{"line":6,"column":2},"end":{"line":13,"column":null}}},"fnMap":{"0":{"name":"(anonymous_0)","decl":{"start":{"line":3,"column":13},"end":{"line":3,"column":null}},"loc":{"start":{"line":6,"column":2},"end":{"line":13,"column":null}},"line":6}},"branchMap":{},"s":{"0":1,"1":1},"f":{"0":1},"b":{},"meta":{"lastBranch":0,"lastFunction":1,"lastStatement":2,"seen":{"s:3:13:13:Infinity":0,"f:3:13:3:Infinity":0,"s:6:2:13:Infinity":1},"fnNames":{}}}
,"/Users/nilosergioadriano/Documents/developer-challenges/frontend-v2-sarah/src/components/Icons/IntervalIcon.tsx": {"path":"/Users/nilosergioadriano/Documents/developer-challenges/frontend-v2-sarah/src/components/Icons/IntervalIcon.tsx","statementMap":{"0":{"start":{"line":3,"column":13},"end":{"line":13,"column":null}},"1":{"start":{"line":6,"column":2},"end":{"line":13,"column":null}}},"fnMap":{"0":{"name":"(anonymous_0)","decl":{"start":{"line":3,"column":13},"end":{"line":3,"column":null}},"loc":{"start":{"line":6,"column":2},"end":{"line":13,"column":null}},"line":6}},"branchMap":{},"s":{"0":1,"1":1},"f":{"0":1},"b":{},"meta":{"lastBranch":0,"lastFunction":1,"lastStatement":2,"seen":{"s:3:13:13:Infinity":0,"f:3:13:3:Infinity":0,"s:6:2:13:Infinity":1},"fnNames":{}}}
,"/Users/nilosergioadriano/Documents/developer-challenges/frontend-v2-sarah/src/components/Icons/MachineIcon.tsx": {"path":"/Users/nilosergioadriano/Documents/developer-challenges/frontend-v2-sarah/src/components/Icons/MachineIcon.tsx","statementMap":{"0":{"start":{"line":3,"column":13},"end":{"line":11,"column":null}},"1":{"start":{"line":6,"column":2},"end":{"line":11,"column":null}}},"fnMap":{"0":{"name":"(anonymous_0)","decl":{"start":{"line":3,"column":13},"end":{"line":3,"column":null}},"loc":{"start":{"line":6,"column":2},"end":{"line":11,"column":null}},"line":6}},"branchMap":{},"s":{"0":2,"1":3},"f":{"0":3},"b":{},"meta":{"lastBranch":0,"lastFunction":1,"lastStatement":2,"seen":{"s:3:13:11:Infinity":0,"f:3:13:3:Infinity":0,"s:6:2:11:Infinity":1},"fnNames":{}}}
,"/Users/nilosergioadriano/Documents/developer-challenges/frontend-v2-sarah/src/components/Icons/RpmIcon.tsx": {"path":"/Users/nilosergioadriano/Documents/developer-challenges/frontend-v2-sarah/src/components/Icons/RpmIcon.tsx","statementMap":{"0":{"start":{"line":3,"column":13},"end":{"line":13,"column":null}},"1":{"start":{"line":6,"column":2},"end":{"line":13,"column":null}}},"fnMap":{"0":{"name":"(anonymous_0)","decl":{"start":{"line":3,"column":13},"end":{"line":3,"column":null}},"loc":{"start":{"line":6,"column":2},"end":{"line":13,"column":null}},"line":6}},"branchMap":{},"s":{"0":1,"1":1},"f":{"0":1},"b":{},"meta":{"lastBranch":0,"lastFunction":1,"lastStatement":2,"seen":{"s:3:13:13:Infinity":0,"f:3:13:3:Infinity":0,"s:6:2:13:Infinity":1},"fnNames":{}}}
,"/Users/nilosergioadriano/Documents/developer-challenges/frontend-v2-sarah/src/components/Icons/index.ts": {"path":"/Users/nilosergioadriano/Documents/developer-challenges/frontend-v2-sarah/src/components/Icons/index.ts","statementMap":{},"fnMap":{},"branchMap":{},"s":{},"f":{},"b":{},"meta":{"lastBranch":0,"lastFunction":0,"lastStatement":0,"seen":{},"fnNames":{}}}
,"/Users/nilosergioadriano/Documents/developer-challenges/frontend-v2-sarah/src/components/Loading/index.tsx": {"path":"/Users/nilosergioadriano/Documents/developer-challenges/frontend-v2-sarah/src/components/Loading/index.tsx","statementMap":{"0":{"start":{"line":3,"column":13},"end":{"line":15,"column":null}},"1":{"start":{"line":4,"column":2},"end":{"line":13,"column":null}}},"fnMap":{"0":{"name":"(anonymous_0)","decl":{"start":{"line":3,"column":13},"end":{"line":3,"column":29}},"loc":{"start":{"line":3,"column":29},"end":{"line":15,"column":null}},"line":3}},"branchMap":{},"s":{"0":1,"1":1},"f":{"0":1},"b":{},"meta":{"lastBranch":0,"lastFunction":1,"lastStatement":2,"seen":{"s:3:13:15:Infinity":0,"f:3:13:3:29":0,"s:4:2:13:Infinity":1},"fnNames":{}}}
,"/Users/nilosergioadriano/Documents/developer-challenges/frontend-v2-sarah/src/components/MachineSummaryBar/index.tsx": {"path":"/Users/nilosergioadriano/Documents/developer-challenges/frontend-v2-sarah/src/components/MachineSummaryBar/index.tsx","statementMap":{"0":{"start":{"line":6,"column":13},"end":{"line":32,"column":null}},"1":{"start":{"line":11,"column":2},"end":{"line":30,"column":null}},"2":{"start":{"line":27,"column":10},"end":{"line":27,"column":null}}},"fnMap":{"0":{"name":"(anonymous_0)","decl":{"start":{"line":6,"column":13},"end":{"line":6,"column":34}},"loc":{"start":{"line":10,"column":6},"end":{"line":32,"column":null}},"line":10},"1":{"name":"(anonymous_1)","decl":{"start":{"line":26,"column":21},"end":{"line":26,"column":26}},"loc":{"start":{"line":27,"column":10},"end":{"line":27,"column":null}},"line":27}},"branchMap":{},"s":{"0":1,"1":2,"2":5},"f":{"0":2,"1":5},"b":{},"meta":{"lastBranch":0,"lastFunction":2,"lastStatement":3,"seen":{"s:6:13:32:Infinity":0,"f:6:13:6:34":0,"s:11:2:30:Infinity":1,"f:26:21:26:26":1,"s:27:10:27:Infinity":2},"fnNames":{}}}
,"/Users/nilosergioadriano/Documents/developer-challenges/frontend-v2-sarah/src/components/MachineSummaryBar/style.ts": {"path":"/Users/nilosergioadriano/Documents/developer-challenges/frontend-v2-sarah/src/components/MachineSummaryBar/style.ts","statementMap":{"0":{"start":{"line":3,"column":42},"end":{"line":11,"column":null}},"1":{"start":{"line":3,"column":72},"end":{"line":11,"column":2}}},"fnMap":{"0":{"name":"(anonymous_0)","decl":{"start":{"line":3,"column":55},"end":{"line":3,"column":57}},"loc":{"start":{"line":3,"column":72},"end":{"line":11,"column":2}},"line":3}},"branchMap":{},"s":{"0":1,"1":2},"f":{"0":2},"b":{},"meta":{"lastBranch":0,"lastFunction":1,"lastStatement":2,"seen":{"s:3:42:11:Infinity":0,"f:3:55:3:57":0,"s:3:72:11:2":1},"fnNames":{}}}
,"/Users/nilosergioadriano/Documents/developer-challenges/frontend-v2-sarah/src/components/MachineSummaryItem/index.tsx": {"path":"/Users/nilosergioadriano/Documents/developer-challenges/frontend-v2-sarah/src/components/MachineSummaryItem/index.tsx","statementMap":{"0":{"start":{"line":4,"column":13},"end":{"line":24,"column":null}},"1":{"start":{"line":5,"column":24},"end":{"line":5,"column":null}},"2":{"start":{"line":7,"column":2},"end":{"line":22,"column":null}}},"fnMap":{"0":{"name":"(anonymous_0)","decl":{"start":{"line":4,"column":13},"end":{"line":4,"column":35}},"loc":{"start":{"line":4,"column":71},"end":{"line":24,"column":null}},"line":4}},"branchMap":{"0":{"loc":{"start":{"line":12,"column":7},"end":{"line":15,"column":7}},"type":"binary-expr","locations":[{"start":{"line":12,"column":7},"end":{"line":12,"column":null}},{"start":{"line":13,"column":8},"end":{"line":15,"column":7}}],"line":12}},"s":{"0":2,"1":7,"2":7},"f":{"0":7},"b":{"0":[7,7]},"meta":{"lastBranch":1,"lastFunction":1,"lastStatement":3,"seen":{"s:4:13:24:Infinity":0,"f:4:13:4:35":0,"s:5:24:5:Infinity":1,"s:7:2:22:Infinity":2,"b:12:7:12:Infinity:13:8:15:7":0},"fnNames":{}}}
,"/Users/nilosergioadriano/Documents/developer-challenges/frontend-v2-sarah/src/components/MachineSummaryItem/style.ts": {"path":"/Users/nilosergioadriano/Documents/developer-challenges/frontend-v2-sarah/src/components/MachineSummaryItem/style.ts","statementMap":{"0":{"start":{"line":7,"column":42},"end":{"line":17,"column":null}},"1":{"start":{"line":8,"column":31},"end":{"line":8,"column":null}},"2":{"start":{"line":9,"column":56},"end":{"line":17,"column":2}},"3":{"start":{"line":19,"column":34},"end":{"line":23,"column":null}},"4":{"start":{"line":19,"column":69},"end":{"line":23,"column":2}}},"fnMap":{"0":{"name":"(anonymous_0)","decl":{"start":{"line":8,"column":2},"end":{"line":8,"column":22}},"loc":{"start":{"line":8,"column":31},"end":{"line":8,"column":null}},"line":8},"1":{"name":"(anonymous_1)","decl":{"start":{"line":9,"column":2},"end":{"line":9,"column":32}},"loc":{"start":{"line":9,"column":56},"end":{"line":17,"column":2}},"line":9},"2":{"name":"(anonymous_2)","decl":{"start":{"line":19,"column":52},"end":{"line":19,"column":54}},"loc":{"start":{"line":19,"column":69},"end":{"line":23,"column":2}},"line":19}},"branchMap":{"0":{"loc":{"start":{"line":14,"column":8},"end":{"line":14,"column":null}},"type":"cond-expr","locations":[{"start":{"line":14,"column":18},"end":{"line":14,"column":29}},{"start":{"line":14,"column":29},"end":{"line":14,"column":null}}],"line":14},"1":{"loc":{"start":{"line":15,"column":12},"end":{"line":15,"column":null}},"type":"cond-expr","locations":[{"start":{"line":15,"column":22},"end":{"line":15,"column":32}},{"start":{"line":15,"column":32},"end":{"line":15,"column":null}}],"line":15}},"s":{"0":2,"1":23,"2":7,"3":2,"4":7},"f":{"0":23,"1":7,"2":7},"b":{"0":[3,4],"1":[3,4]},"meta":{"lastBranch":2,"lastFunction":3,"lastStatement":5,"seen":{"s:7:42:17:Infinity":0,"f:8:2:8:22":0,"s:8:31:8:Infinity":1,"f:9:2:9:32":1,"s:9:56:17:2":2,"b:14:18:14:29:14:29:14:Infinity":0,"b:15:22:15:32:15:32:15:Infinity":1,"s:19:34:23:Infinity":3,"f:19:52:19:54":2,"s:19:69:23:2":4},"fnNames":{}}}
,"/Users/nilosergioadriano/Documents/developer-challenges/frontend-v2-sarah/src/components/PageHeader/index.tsx": {"path":"/Users/nilosergioadriano/Documents/developer-challenges/frontend-v2-sarah/src/components/PageHeader/index.tsx","statementMap":{"0":{"start":{"line":4,"column":13},"end":{"line":12,"column":null}},"1":{"start":{"line":5,"column":2},"end":{"line":10,"column":null}}},"fnMap":{"0":{"name":"(anonymous_0)","decl":{"start":{"line":4,"column":13},"end":{"line":4,"column":27}},"loc":{"start":{"line":4,"column":68},"end":{"line":12,"column":null}},"line":4}},"branchMap":{},"s":{"0":1,"1":1},"f":{"0":1},"b":{},"meta":{"lastBranch":0,"lastFunction":1,"lastStatement":2,"seen":{"s:4:13:12:Infinity":0,"f:4:13:4:27":0,"s:5:2:10:Infinity":1},"fnNames":{}}}
,"/Users/nilosergioadriano/Documents/developer-challenges/frontend-v2-sarah/src/components/PageHeader/style.ts": {"path":"/Users/nilosergioadriano/Documents/developer-challenges/frontend-v2-sarah/src/components/PageHeader/style.ts","statementMap":{"0":{"start":{"line":3,"column":31},"end":{"line":11,"column":null}},"1":{"start":{"line":3,"column":61},"end":{"line":11,"column":2}}},"fnMap":{"0":{"name":"(anonymous_0)","decl":{"start":{"line":3,"column":44},"end":{"line":3,"column":46}},"loc":{"start":{"line":3,"column":61},"end":{"line":11,"column":2}},"line":3}},"branchMap":{},"s":{"0":1,"1":1},"f":{"0":1},"b":{},"meta":{"lastBranch":0,"lastFunction":1,"lastStatement":2,"seen":{"s:3:31:11:Infinity":0,"f:3:44:3:46":0,"s:3:61:11:2":1},"fnNames":{}}}
,"/Users/nilosergioadriano/Documents/developer-challenges/frontend-v2-sarah/src/features/data/constants.ts": {"path":"/Users/nilosergioadriano/Documents/developer-challenges/frontend-v2-sarah/src/features/data/constants.ts","statementMap":{"0":{"start":{"line":1,"column":30},"end":{"line":8,"column":null}}},"fnMap":{},"branchMap":{},"s":{"0":2},"f":{},"b":{},"meta":{"lastBranch":0,"lastFunction":0,"lastStatement":1,"seen":{"s:1:30:8:Infinity":0},"fnNames":{}}}
,"/Users/nilosergioadriano/Documents/developer-challenges/frontend-v2-sarah/src/features/data/data.mock.ts": {"path":"/Users/nilosergioadriano/Documents/developer-challenges/frontend-v2-sarah/src/features/data/data.mock.ts","statementMap":{"0":{"start":{"line":3,"column":44},"end":{"line":58,"column":null}}},"fnMap":{},"branchMap":{},"s":{"0":2},"f":{},"b":{},"meta":{"lastBranch":0,"lastFunction":0,"lastStatement":1,"seen":{"s:3:44:58:Infinity":0},"fnNames":{}}}
,"/Users/nilosergioadriano/Documents/developer-challenges/frontend-v2-sarah/src/features/data/dataSaga.ts": {"path":"/Users/nilosergioadriano/Documents/developer-challenges/frontend-v2-sarah/src/features/data/dataSaga.ts","statementMap":{"0":{"start":{"line":22,"column":2},"end":{"line":28,"column":null}},"1":{"start":{"line":23,"column":17},"end":{"line":23,"column":null}},"2":{"start":{"line":24,"column":4},"end":{"line":24,"column":null}},"3":{"start":{"line":26,"column":25},"end":{"line":26,"column":null}},"4":{"start":{"line":27,"column":4},"end":{"line":27,"column":null}},"5":{"start":{"line":32,"column":2},"end":{"line":32,"column":null}}},"fnMap":{"0":{"name":"fetchMetricsSaga","decl":{"start":{"line":17,"column":17},"end":{"line":17,"column":null}},"loc":{"start":{"line":21,"column":2},"end":{"line":29,"column":null}},"line":21},"1":{"name":"dataSaga","decl":{"start":{"line":31,"column":17},"end":{"line":31,"column":28}},"loc":{"start":{"line":31,"column":28},"end":{"line":33,"column":null}},"line":31}},"branchMap":{},"s":{"0":4,"1":4,"2":1,"3":3,"4":3,"5":1},"f":{"0":4,"1":1},"b":{},"meta":{"lastBranch":0,"lastFunction":2,"lastStatement":6,"seen":{"f:17:17:17:Infinity":0,"s:22:2:28:Infinity":0,"s:23:17:23:Infinity":1,"s:24:4:24:Infinity":2,"s:26:25:26:Infinity":3,"s:27:4:27:Infinity":4,"f:31:17:31:28":1,"s:32:2:32:Infinity":5},"fnNames":{}}}
,"/Users/nilosergioadriano/Documents/developer-challenges/frontend-v2-sarah/src/features/data/dataSlice.ts": {"path":"/Users/nilosergioadriano/Documents/developer-challenges/frontend-v2-sarah/src/features/data/dataSlice.ts","statementMap":{"0":{"start":{"line":10,"column":32},"end":{"line":14,"column":null}},"1":{"start":{"line":16,"column":18},"end":{"line":33,"column":null}},"2":{"start":{"line":21,"column":6},"end":{"line":21,"column":null}},"3":{"start":{"line":22,"column":6},"end":{"line":22,"column":null}},"4":{"start":{"line":25,"column":6},"end":{"line":25,"column":null}},"5":{"start":{"line":26,"column":6},"end":{"line":26,"column":null}},"6":{"start":{"line":29,"column":6},"end":{"line":29,"column":null}},"7":{"start":{"line":30,"column":6},"end":{"line":30,"column":null}},"8":{"start":{"line":36,"column":2},"end":{"line":36,"column":null}}},"fnMap":{"0":{"name":"fetchMetricsRequest","decl":{"start":{"line":20,"column":4},"end":{"line":20,"column":24}},"loc":{"start":{"line":20,"column":31},"end":{"line":23,"column":null}},"line":20},"1":{"name":"fetchMetricsSuccess","decl":{"start":{"line":24,"column":4},"end":{"line":24,"column":24}},"loc":{"start":{"line":24,"column":71},"end":{"line":27,"column":null}},"line":24},"2":{"name":"fetchMetricsFailure","decl":{"start":{"line":28,"column":4},"end":{"line":28,"column":24}},"loc":{"start":{"line":28,"column":62},"end":{"line":31,"column":null}},"line":28}},"branchMap":{},"s":{"0":2,"1":2,"2":1,"3":1,"4":1,"5":1,"6":1,"7":1,"8":2},"f":{"0":1,"1":1,"2":1},"b":{},"meta":{"lastBranch":0,"lastFunction":3,"lastStatement":9,"seen":{"s:10:32:14:Infinity":0,"s:16:18:33:Infinity":1,"f:20:4:20:24":0,"s:21:6:21:Infinity":2,"s:22:6:22:Infinity":3,"f:24:4:24:24":1,"s:25:6:25:Infinity":4,"s:26:6:26:Infinity":5,"f:28:4:28:24":2,"s:29:6:29:Infinity":6,"s:30:6:30:Infinity":7,"s:36:2:36:Infinity":8},"fnNames":{}}}
,"/Users/nilosergioadriano/Documents/developer-challenges/frontend-v2-sarah/src/features/data/types.ts": {"path":"/Users/nilosergioadriano/Documents/developer-challenges/frontend-v2-sarah/src/features/data/types.ts","statementMap":{"0":{"start":{"line":1,"column":26},"end":{"line":6,"column":null}},"1":{"start":{"line":9,"column":27},"end":{"line":14,"column":null}},"2":{"start":{"line":19,"column":26},"end":{"line":24,"column":null}},"3":{"start":{"line":27,"column":26},"end":{"line":32,"column":null}}},"fnMap":{},"branchMap":{},"s":{"0":5,"1":5,"2":5,"3":5},"f":{},"b":{},"meta":{"lastBranch":0,"lastFunction":0,"lastStatement":4,"seen":{"s:1:26:6:Infinity":0,"s:9:27:14:Infinity":1,"s:19:26:24:Infinity":2,"s:27:26:32:Infinity":3},"fnNames":{}}}
,"/Users/nilosergioadriano/Documents/developer-challenges/frontend-v2-sarah/src/utils/errorUtils.ts": {"path":"/Users/nilosergioadriano/Documents/developer-challenges/frontend-v2-sarah/src/utils/errorUtils.ts","statementMap":{"0":{"start":{"line":3,"column":13},"end":{"line":13,"column":null}},"1":{"start":{"line":4,"column":2},"end":{"line":6,"column":null}},"2":{"start":{"line":5,"column":4},"end":{"line":5,"column":null}},"3":{"start":{"line":8,"column":2},"end":{"line":10,"column":null}},"4":{"start":{"line":9,"column":4},"end":{"line":9,"column":null}},"5":{"start":{"line":12,"column":2},"end":{"line":12,"column":null}}},"fnMap":{"0":{"name":"(anonymous_0)","decl":{"start":{"line":3,"column":13},"end":{"line":3,"column":32}},"loc":{"start":{"line":3,"column":59},"end":{"line":13,"column":null}},"line":3}},"branchMap":{"0":{"loc":{"start":{"line":4,"column":2},"end":{"line":6,"column":null}},"type":"if","locations":[{"start":{"line":4,"column":2},"end":{"line":6,"column":null}},{"start":{},"end":{}}],"line":4},"1":{"loc":{"start":{"line":4,"column":6},"end":{"line":4,"column":47}},"type":"binary-expr","locations":[{"start":{"line":4,"column":6},"end":{"line":4,"column":32}},{"start":{"line":4,"column":32},"end":{"line":4,"column":47}}],"line":4},"2":{"loc":{"start":{"line":8,"column":2},"end":{"line":10,"column":null}},"type":"if","locations":[{"start":{"line":8,"column":2},"end":{"line":10,"column":null}},{"start":{},"end":{}}],"line":8}},"s":{"0":1,"1":3,"2":1,"3":2,"4":1,"5":1},"f":{"0":3},"b":{"0":[1,2],"1":[3,1],"2":[1,1]},"meta":{"lastBranch":3,"lastFunction":1,"lastStatement":6,"seen":{"s:3:13:13:Infinity":0,"f:3:13:3:32":0,"b:4:2:6:Infinity:undefined:undefined:undefined:undefined":0,"s:4:2:6:Infinity":1,"b:4:6:4:32:4:32:4:47":1,"s:5:4:5:Infinity":2,"b:8:2:10:Infinity:undefined:undefined:undefined:undefined":2,"s:8:2:10:Infinity":3,"s:9:4:9:Infinity":4,"s:12:2:12:Infinity":5},"fnNames":{}}}
}
